<?xml version="1.0" encoding="UTF-8"?>
<testsuite name="VectorTest" tests="8" skipped="0" failures="0" errors="0" timestamp="2019-12-19T23:17:14" hostname="Irtazas-MacBook-Pro.local" time="0.021">
  <properties/>
  <testcase name="constructorVectorTest()" classname="VectorTest" time="0.003"/>
  <testcase name="normalizeTest()" classname="VectorTest" time="0.0"/>
  <testcase name="scaleByTest()" classname="VectorTest" time="0.003"/>
  <testcase name="addTest()" classname="VectorTest" time="0.002"/>
  <testcase name="normalizeOtherTest()" classname="VectorTest" time="0.001"/>
  <testcase name="getDistanceToSquaredTest()" classname="VectorTest" time="0.002"/>
  <testcase name="constructorAngleTest()" classname="VectorTest" time="0.001"/>
  <testcase name="setTest()" classname="VectorTest" time="0.001"/>
  <system-out><![CDATA[]]></system-out>
  <system-err><![CDATA[]]></system-err>
</testsuite>
